GET "/"
Routing to controller "MyApp::Controller::Example" and action "welcome"
Rendering template "example/welcome.html.ep"
Rendering template "layouts/default.html.ep"
200 OK (0.005062s, 197.550/s)
GET "/"
Routing to controller "MyApp::Controller::Example" and action "welcome"
Rendering cached template "example/welcome.html.ep"
Rendering cached template "layouts/default.html.ep"
200 OK (0.001157s, 864.304/s)
GET "/"
Routing to controller "MyApp::Controller::Example" and action "welcome"
Rendering cached template "example/welcome.html.ep"
Rendering cached template "layouts/default.html.ep"
200 OK (0.001195s, 836.820/s)
GET "/perldoc"
Routing to a callback
Rendering template "mojo/perldoc.html.ep"
Rendering template "mojo/menubar.html.ep"
Your secret passphrase needs to be changed
200 OK (0.054641s, 18.301/s)
GET "/"
Routing to controller "MyApp::Controller::Example" and action "welcome"
Rendering template "example/welcome.html.ep"
Rendering template "layouts/default.html.ep"
200 OK (0.004211s, 237.473/s)
GET "/echo"
Routing to controller "MyApp::Controller::Example" and action "echo"
101 Switching Protocols (0.000619s, 1615.509/s)
GET "/"
Routing to controller "MyApp::Controller::Example" and action "welcome"
Rendering cached template "example/welcome.html.ep"
Rendering cached template "layouts/default.html.ep"
200 OK (0.001861s, 537.346/s)
GET "/echo"
Routing to controller "MyApp::Controller::Example" and action "echo"
101 Switching Protocols (0.000406s, 2463.054/s)
GET "/"
Routing to controller "MyApp::Controller::Example" and action "welcome"
Rendering cached template "example/welcome.html.ep"
Rendering cached template "layouts/default.html.ep"
200 OK (0.001547s, 646.412/s)
GET "/echo"
Routing to controller "MyApp::Controller::Example" and action "echo"
101 Switching Protocols (0.000421s, 2375.297/s)
